2025-09-06T21:07:18.777Z [INFO]: VPN Proxy Server started on port 3000
2025-09-06T21:07:18.779Z [INFO]: Environment: development
2025-09-06T21:07:18.779Z [INFO]: Available endpoints: /api/website1, /api/website2, /api/general
2025-09-06T21:07:18.779Z [INFO]: Documentation available at: http://localhost:3000/api/docs
2025-09-06T21:07:20.778Z [INFO]: Auto-starting VPN connection website1-tcp for endpoint /api/website1
2025-09-06T21:07:20.779Z [INFO]: Starting VPN connection website1-tcp with protocol tcp
2025-09-06T21:07:20.793Z [INFO]: Auto-starting VPN connection website2-udp for endpoint /api/website2
2025-09-06T21:07:20.794Z [INFO]: Starting VPN connection website2-udp with protocol udp
2025-09-06T21:07:20.798Z [INFO]: Auto-starting VPN connection general-tcp for endpoint /api/general
2025-09-06T21:07:20.799Z [INFO]: Starting VPN connection general-tcp with protocol tcp
2025-09-06T21:07:20.811Z [ERROR]: Error: spawn openvpn ENOENT
    at ChildProcess._handle.onexit (https://zp1v56uxy8rdx5ypatb0ockcb9tr6a-oci3.w-credentialless-staticblitz.com/builtins.97a3df4f.js:56:3373)
    at https://zp1v56uxy8rdx5ypatb0ockcb9tr6a-oci3.w-credentialless-staticblitz.com/blitz.96435430.js:31:295404
2025-09-06T21:07:20.813Z [ERROR]: Error: spawn openvpn ENOENT
    at ChildProcess._handle.onexit (https://zp1v56uxy8rdx5ypatb0ockcb9tr6a-oci3.w-credentialless-staticblitz.com/builtins.97a3df4f.js:56:3373)
    at https://zp1v56uxy8rdx5ypatb0ockcb9tr6a-oci3.w-credentialless-staticblitz.com/blitz.96435430.js:31:295404
2025-09-06T21:07:20.814Z [ERROR]: Error: spawn openvpn ENOENT
    at ChildProcess._handle.onexit (https://zp1v56uxy8rdx5ypatb0ockcb9tr6a-oci3.w-credentialless-staticblitz.com/builtins.97a3df4f.js:56:3373)
    at https://zp1v56uxy8rdx5ypatb0ockcb9tr6a-oci3.w-credentialless-staticblitz.com/blitz.96435430.js:31:295404
2025-09-06T21:07:50.926Z [ERROR]: Error: VPN connection general-tcp timeout
    at Timeout.checkConnection (/home/project/src/vpnManager.js:175:18)
    at <anonymous> (node:internal/timers:253:4719)
2025-09-06T21:07:50.930Z [ERROR]: Error: VPN connection general-tcp timeout
    at Timeout.checkConnection (/home/project/src/vpnManager.js:175:18)
    at <anonymous> (node:internal/timers:253:4719)
2025-09-06T21:07:51.423Z [ERROR]: Error: VPN connection website1-tcp timeout
    at Timeout.checkConnection (/home/project/src/vpnManager.js:175:18)
    at <anonymous> (node:internal/timers:253:4719)
2025-09-06T21:07:51.424Z [ERROR]: Error: VPN connection website1-tcp timeout
    at Timeout.checkConnection (/home/project/src/vpnManager.js:175:18)
    at <anonymous> (node:internal/timers:253:4719)
2025-09-06T21:07:51.551Z [ERROR]: Error: VPN connection website2-udp timeout
    at Timeout.checkConnection (/home/project/src/vpnManager.js:175:18)
    at <anonymous> (node:internal/timers:253:4719)
2025-09-06T21:07:51.552Z [ERROR]: Error: VPN connection website2-udp timeout
    at Timeout.checkConnection (/home/project/src/vpnManager.js:175:18)
    at <anonymous> (node:internal/timers:253:4719)
