2025-09-06T21:07:20.811Z [ERROR]: Error: spawn openvpn ENOENT
    at ChildProcess._handle.onexit (https://zp1v56uxy8rdx5ypatb0ockcb9tr6a-oci3.w-credentialless-staticblitz.com/builtins.97a3df4f.js:56:3373)
    at https://zp1v56uxy8rdx5ypatb0ockcb9tr6a-oci3.w-credentialless-staticblitz.com/blitz.96435430.js:31:295404
2025-09-06T21:07:20.813Z [ERROR]: Error: spawn openvpn ENOENT
    at ChildProcess._handle.onexit (https://zp1v56uxy8rdx5ypatb0ockcb9tr6a-oci3.w-credentialless-staticblitz.com/builtins.97a3df4f.js:56:3373)
    at https://zp1v56uxy8rdx5ypatb0ockcb9tr6a-oci3.w-credentialless-staticblitz.com/blitz.96435430.js:31:295404
2025-09-06T21:07:20.814Z [ERROR]: Error: spawn openvpn ENOENT
    at ChildProcess._handle.onexit (https://zp1v56uxy8rdx5ypatb0ockcb9tr6a-oci3.w-credentialless-staticblitz.com/builtins.97a3df4f.js:56:3373)
    at https://zp1v56uxy8rdx5ypatb0ockcb9tr6a-oci3.w-credentialless-staticblitz.com/blitz.96435430.js:31:295404
2025-09-06T21:07:50.926Z [ERROR]: Error: VPN connection general-tcp timeout
    at Timeout.checkConnection (/home/project/src/vpnManager.js:175:18)
    at <anonymous> (node:internal/timers:253:4719)
2025-09-06T21:07:50.930Z [ERROR]: Error: VPN connection general-tcp timeout
    at Timeout.checkConnection (/home/project/src/vpnManager.js:175:18)
    at <anonymous> (node:internal/timers:253:4719)
2025-09-06T21:07:51.423Z [ERROR]: Error: VPN connection website1-tcp timeout
    at Timeout.checkConnection (/home/project/src/vpnManager.js:175:18)
    at <anonymous> (node:internal/timers:253:4719)
2025-09-06T21:07:51.424Z [ERROR]: Error: VPN connection website1-tcp timeout
    at Timeout.checkConnection (/home/project/src/vpnManager.js:175:18)
    at <anonymous> (node:internal/timers:253:4719)
2025-09-06T21:07:51.551Z [ERROR]: Error: VPN connection website2-udp timeout
    at Timeout.checkConnection (/home/project/src/vpnManager.js:175:18)
    at <anonymous> (node:internal/timers:253:4719)
2025-09-06T21:07:51.552Z [ERROR]: Error: VPN connection website2-udp timeout
    at Timeout.checkConnection (/home/project/src/vpnManager.js:175:18)
    at <anonymous> (node:internal/timers:253:4719)
